#
# A fatal error has been detected by the Java Runtime Environment:
#
#  EXCEPTION_ACCESS_VIOLATION (0xc0000005) at pc=0x0000000051f65ab8, pid=7384, tid=0x0000000000003480
#
# JRE version: OpenJDK Runtime Environment (Zulu 8.46.0.19-CA-win64) (8.0_252-b14) (build 1.8.0_252-b14)
# Java VM: OpenJDK 64-Bit Server VM (25.252-b14 mixed mode windows-amd64 compressed oops)
# Problematic frame:
# V  [jvm.dll+0xd5ab8]
#
# Failed to write core dump. Minidumps are not enabled by default on client versions of Windows
#
# If you would like to submit a bug report, please visit:
#   http://www.azulsystems.com/support/
#

---------------  T H R E A D  ---------------

Current thread (0x000000000228d800):  VMThread [stack: 0x000000001d970000,0x000000001da70000] [id=13440]

siginfo: ExceptionCode=0xc0000005, reading address 0x000000002303bb78

Registers:
RAX=0x00000000001fffe0, RBX=0x000000000000ffff, RCX=0x0000000022e39e78, RDX=0x0000000022e3bb88
RSP=0x000000001da6f3f0, RBP=0x000000001da6f4a0, RSI=0x000000000000ffff, RDI=0x0000000022e39e78
R8 =0x000000001bb05c50, R9 =0x0000000000000003, R10=0x0000000000000003, R11=0x0000000022e3a805
R12=0x000000001da6f500, R13=0x000000001da6f4f0, R14=0x0000000000000000, R15=0x0000000000000000
RIP=0x0000000051f65ab8, EFLAGS=0x0000000000010202

Top of Stack: (sp=0x000000001da6f3f0)
0x000000001da6f3f0:   00000000000000b6 000000001da6f4a0
0x000000001da6f400:   00000000000000b6 0000000051f01c95
0x000000001da6f410:   0000000000000009 0000000052045406
0x000000001da6f420:   00000000000000b6 00000000000000b6
0x000000001da6f430:   0000000022da65b8 0000000000000000
0x000000001da6f440:   0000000000000000 0000000051f0d5fd
0x000000001da6f450:   000000001da6f510 000000000321a350
0x000000001da6f460:   0000000022da65b8 0000000022da6600
0x000000001da6f470:   000000000000f000 0000000051f05f98
0x000000001da6f480:   000000000000f000 000000000321a350
0x000000001da6f490:   0000000022e3a848 0000000051f6d856
0x000000001da6f4a0:   0000000000000000 0000000000000000
0x000000001da6f4b0:   000000001da6f4f0 000000001da6f500
0x000000001da6f4c0:   000000001da6f539 0000000052046202
0x000000001da6f4d0:   000000001da6f539 00000000000000b6
0x000000001da6f4e0:   000000001da6f4f0 0000000022e3a848 

Instructions: (pc=0x0000000051f65ab8)
0x0000000051f65a98:   00 ba e1 01 00 00 e8 5d 8c 18 00 e8 b8 98 1a 00
0x0000000051f65aa8:   48 8b 57 10 48 85 d2 74 0f 48 8b c3 48 c1 e0 05
0x0000000051f65ab8:   48 8b 44 10 10 0f b7 d8 48 63 c3 0f b7 44 c7 50
0x0000000051f65ac8:   48 8b 44 c7 50 48 89 44 24 30 f6 d0 48 8b 4c 24 


Register to memory mapping:

RAX=0x00000000001fffe0 is an unknown value
RBX=0x000000000000ffff is an unknown value
RCX=0x0000000022e39e78 is pointing into metadata
RDX=0x0000000022e3bb88 is pointing into metadata
RSP=0x000000001da6f3f0 is an unknown value
RBP=0x000000001da6f4a0 is an unknown value
RSI=0x000000000000ffff is an unknown value
RDI=0x0000000022e39e78 is pointing into metadata
R8 =0x000000001bb05c50 is an unknown value
R9 =0x0000000000000003 is an unknown value
R10=0x0000000000000003 is an unknown value
R11=0x0000000022e3a805 is pointing into metadata
R12=0x000000001da6f500 is an unknown value
R13=0x000000001da6f4f0 is an unknown value
R14=0x0000000000000000 is an unknown value
R15=0x0000000000000000 is an unknown value


Stack: [0x000000001d970000,0x000000001da70000],  sp=0x000000001da6f3f0,  free space=1020k
Native frames: (J=compiled Java code, j=interpreted, Vv=VM code, C=native code)
V  [jvm.dll+0xd5ab8]
V  [jvm.dll+0x1b5406]
V  [jvm.dll+0x1b6202]
V  [jvm.dll+0x1a1f84]
V  [jvm.dll+0x1a82ef]
V  [jvm.dll+0x1a884b]
V  [jvm.dll+0x233227]
V  [jvm.dll+0x2324c4]
V  [jvm.dll+0x232904]
V  [jvm.dll+0x232b80]
V  [jvm.dll+0x285f1a]
C  [msvcr100.dll+0x21d9f]
C  [msvcr100.dll+0x21e3b]
C  [KERNEL32.DLL+0x12d92]
C  [ntdll.dll+0x9f64]

VM_Operation (0x000000001e7af690): RedefineClasses, mode: safepoint, requested by thread 0x000000001dabc800, redefining class br.com.estudo.projetoweb.resources.ClienteResource



---------------  P R O C E S S  ---------------

Java Threads: ( => current thread )
  0x0000000023899800 JavaThread "RMI TCP Connection(idle)" daemon [_thread_blocked, id=232, stack(0x0000000026250000,0x0000000026350000)]
  0x0000000023896000 JavaThread "http-nio-8080-Acceptor" daemon [_thread_in_native, id=10908, stack(0x0000000025e50000,0x0000000025f50000)]
  0x000000002388f000 JavaThread "http-nio-8080-ClientPoller" daemon [_thread_in_native, id=8836, stack(0x0000000025d50000,0x0000000025e50000)]
  0x0000000023895800 JavaThread "http-nio-8080-exec-10" daemon [_thread_blocked, id=10016, stack(0x0000000025c50000,0x0000000025d50000)]
  0x000000002388d800 JavaThread "http-nio-8080-exec-9" daemon [_thread_blocked, id=2660, stack(0x0000000025b50000,0x0000000025c50000)]
  0x0000000023894800 JavaThread "http-nio-8080-exec-8" daemon [_thread_blocked, id=9508, stack(0x0000000025a50000,0x0000000025b50000)]
  0x0000000023894000 JavaThread "http-nio-8080-exec-7" daemon [_thread_blocked, id=11204, stack(0x0000000025950000,0x0000000025a50000)]
  0x000000002388d000 JavaThread "http-nio-8080-exec-6" daemon [_thread_blocked, id=14188, stack(0x0000000025850000,0x0000000025950000)]
  0x0000000023892800 JavaThread "http-nio-8080-exec-5" daemon [_thread_blocked, id=13800, stack(0x0000000025750000,0x0000000025850000)]
  0x000000002388e800 JavaThread "http-nio-8080-exec-4" daemon [_thread_blocked, id=6464, stack(0x0000000025650000,0x0000000025750000)]
  0x0000000023890000 JavaThread "http-nio-8080-exec-3" daemon [_thread_blocked, id=13968, stack(0x0000000025550000,0x0000000025650000)]
  0x0000000023891800 JavaThread "http-nio-8080-exec-2" daemon [_thread_blocked, id=10884, stack(0x0000000025450000,0x0000000025550000)]
  0x0000000023893000 JavaThread "http-nio-8080-exec-1" daemon [_thread_blocked, id=7256, stack(0x0000000025350000,0x0000000025450000)]
  0x000000002388c000 JavaThread "http-nio-8080-BlockPoller" daemon [_thread_in_native, id=11456, stack(0x0000000025250000,0x0000000025350000)]
  0x0000000023890800 JavaThread "File Watcher" daemon [_thread_blocked, id=13828, stack(0x0000000025150000,0x0000000025250000)]
  0x00000000219cd000 JavaThread "container-0" [_thread_blocked, id=6300, stack(0x0000000022980000,0x0000000022a80000)]
  0x00000000219cc000 JavaThread "Catalina-utility-2" [_thread_blocked, id=12416, stack(0x00000000206b0000,0x00000000207b0000)]
  0x00000000219c8000 JavaThread "Catalina-utility-1" [_thread_blocked, id=4768, stack(0x00000000205b0000,0x00000000206b0000)]
  0x00000000219ca800 JavaThread "HikariPool-3 housekeeper" daemon [_thread_blocked, id=4972, stack(0x00000000200b0000,0x00000000201b0000)]
  0x00000000219c9000 JavaThread "MVStore background writer nio:C:/Users/vinicius.cruz/test.mv.db" daemon [_thread_blocked, id=7720, stack(0x000000001fdb0000,0x000000001feb0000)]
  0x0000000023897000 JavaThread "DestroyJavaVM" [_thread_blocked, id=8280, stack(0x0000000002090000,0x0000000002190000)]
  0x00000000219c7800 JavaThread "Live Reload Server" daemon [_thread_in_native, id=11740, stack(0x0000000024a50000,0x0000000024b50000)]
  0x000000001f3e7800 JavaThread "JMX server connection timeout 21" daemon [_thread_blocked, id=10632, stack(0x00000000203b0000,0x00000000204b0000)]
  0x000000001f338800 JavaThread "RMI Scheduler(0)" daemon [_thread_blocked, id=7276, stack(0x000000001feb0000,0x000000001ffb0000)]
  0x000000001f09a000 JavaThread "RMI TCP Accept-0" daemon [_thread_in_native, id=13116, stack(0x000000001fab0000,0x000000001fbb0000)]
  0x000000001f071000 JavaThread "RMI TCP Accept-59401" daemon [_thread_in_native, id=10424, stack(0x000000001f7b0000,0x000000001f8b0000)]
  0x000000001f027000 JavaThread "RMI TCP Accept-0" daemon [_thread_in_native, id=9472, stack(0x000000001f6b0000,0x000000001f7b0000)]
  0x000000001dd03000 JavaThread "Service Thread" daemon [_thread_blocked, id=9012, stack(0x000000001edb0000,0x000000001eeb0000)]
  0x000000001dcf9000 JavaThread "C1 CompilerThread3" daemon [_thread_blocked, id=13476, stack(0x000000001ecb0000,0x000000001edb0000)]
  0x000000001dcf6800 JavaThread "C2 CompilerThread2" daemon [_thread_blocked, id=4240, stack(0x000000001ebb0000,0x000000001ecb0000)]
  0x000000001dcf5800 JavaThread "C2 CompilerThread1" daemon [_thread_blocked, id=5064, stack(0x000000001eab0000,0x000000001ebb0000)]
  0x000000001dcf3000 JavaThread "C2 CompilerThread0" daemon [_thread_blocked, id=4180, stack(0x000000001e9b0000,0x000000001eab0000)]
  0x000000001dac1800 JavaThread "JDWP Command Reader" daemon [_thread_in_native, id=10008, stack(0x000000001e8b0000,0x000000001e9b0000)]
  0x000000001dabe800 JavaThread "JDWP Event Helper Thread" daemon [_thread_blocked, id=14132, stack(0x000000001e7b0000,0x000000001e8b0000)]
  0x000000001dabc800 JavaThread "JDWP Transport Listener: dt_socket" daemon [_thread_blocked, id=13592, stack(0x000000001e6b0000,0x000000001e7b0000)]
  0x000000001daa9000 JavaThread "Attach Listener" daemon [_thread_blocked, id=12748, stack(0x000000001e270000,0x000000001e370000)]
  0x000000001daa8000 JavaThread "Signal Dispatcher" daemon [_thread_blocked, id=5832, stack(0x000000001e170000,0x000000001e270000)]
  0x000000001da90800 JavaThread "Finalizer" daemon [_thread_blocked, id=12904, stack(0x000000001df70000,0x000000001e070000)]
  0x000000001bc7c000 JavaThread "Reference Handler" daemon [_thread_blocked, id=12252, stack(0x000000001de70000,0x000000001df70000)]

Other Threads:
=>0x000000000228d800 VMThread [stack: 0x000000001d970000,0x000000001da70000] [id=13440]
  0x000000001f09e800 WatcherThread [stack: 0x000000001fbb0000,0x000000001fcb0000] [id=9232]

VM state:at safepoint (normal execution)

VM Mutex/Monitor currently owned by a thread:  ([mutex/lock_event])
[0x0000000002194bd0] Threads_lock - owner thread: 0x000000000228d800

heap address: 0x00000006c4a00000, size: 4022 MB, Compressed Oops mode: Zero based, Oop shift amount: 3
Narrow klass base: 0x0000000000000000, Narrow klass shift: 3
Compressed class space size: 1073741824 Address: 0x00000007c0000000

Heap:
 PSYoungGen      total 364032K, used 249546K [0x000000076c380000, 0x0000000783800000, 0x00000007c0000000)
  eden space 347648K, 71% used [0x000000076c380000,0x000000077b7328f8,0x0000000781700000)
  from space 16384K, 0% used [0x0000000781700000,0x0000000781700000,0x0000000782700000)
  to   space 16896K, 0% used [0x0000000782780000,0x0000000782780000,0x0000000783800000)
 ParOldGen       total 154112K, used 17894K [0x00000006c4a00000, 0x00000006ce080000, 0x000000076c380000)
  object space 154112K, 11% used [0x00000006c4a00000,0x00000006c5b79880,0x00000006ce080000)
 Metaspace       used 56925K, capacity 60446K, committed 60584K, reserved 1101824K
  class space    used 7734K, capacity 8364K, committed 8368K, reserved 1048576K

Card table byte_map: [0x0000000011790000,0x0000000011f70000] byte_map_base: 0x000000000e16b000

Marking Bits: (ParMarkBitMap*) 0x00000000526ca9c0
 Begin Bits: [0x0000000012cb0000, 0x0000000016b88000)
 End Bits:   [0x0000000016b88000, 0x000000001aa60000)

Polling page: 0x0000000000750000

CodeCache: size=245760Kb used=14620Kb max_used=14620Kb free=231139Kb
 bounds [0x00000000023d0000, 0x0000000003220000, 0x00000000113d0000]
 total_blobs=8229 nmethods=7647 adapters=499
 compilation: enabled

Compilation events (10 events):
Event: 406.653 Thread 0x000000001dcf9000 7740       1       org.apache.catalina.core.StandardPipeline::getFirst (17 bytes)
Event: 406.653 Thread 0x000000001dcf9000 nmethod 7740 0x0000000003217310 code [0x0000000003217460, 0x0000000003217590]
Event: 420.530 Thread 0x000000001dcf9000 7741       1       java.io.FilterInputStream::read (8 bytes)
Event: 420.530 Thread 0x000000001dcf9000 nmethod 7741 0x0000000003217610 code [0x0000000003217760, 0x00000000032178a8]
Event: 436.654 Thread 0x000000001dcf9000 7743   !   1       org.apache.catalina.core.ContainerBase::backgroundProcess (168 bytes)
Event: 436.657 Thread 0x000000001dcf9000 nmethod 7743 0x0000000003217910 code [0x0000000003217b40, 0x00000000032183e8]
Event: 436.657 Thread 0x000000001dcf9000 7742   !   1       org.apache.catalina.core.ContainerBase$ContainerBackgroundProcessor::processChildren (191 bytes)
Event: 436.659 Thread 0x000000001dcf9000 nmethod 7742 0x0000000003218b10 code [0x0000000003218da0, 0x0000000003219a88]
Event: 436.659 Thread 0x000000001dcf9000 7744       1       org.apache.catalina.core.StandardWrapper::getServlet (5 bytes)
Event: 436.660 Thread 0x000000001dcf9000 nmethod 7744 0x000000000321a350 code [0x000000000321a4a0, 0x000000000321a5b0]

GC Heap History (10 events):
Event: 20.648 GC heap before
{Heap before GC invocations=11 (full 2):
 PSYoungGen      total 293376K, used 293351K [0x000000076c380000, 0x000000077f480000, 0x00000007c0000000)
  eden space 282112K, 100% used [0x000000076c380000,0x000000077d700000,0x000000077d700000)
  from space 11264K, 99% used [0x000000077e980000,0x000000077f479d88,0x000000077f480000)
  to   space 13312K, 0% used [0x000000077da80000,0x000000077da80000,0x000000077e780000)
 ParOldGen       total 154112K, used 16612K [0x00000006c4a00000, 0x00000006ce080000, 0x000000076c380000)
  object space 154112K, 10% used [0x00000006c4a00000,0x00000006c5a39328,0x00000006ce080000)
 Metaspace       used 55378K, capacity 58468K, committed 58664K, reserved 1099776K
  class space    used 7553K, capacity 8119K, committed 8240K, reserved 1048576K
Event: 20.665 GC heap after
Heap after GC invocations=11 (full 2):
 PSYoungGen      total 299008K, used 13310K [0x000000076c380000, 0x0000000783800000, 0x00000007c0000000)
  eden space 285696K, 0% used [0x000000076c380000,0x000000076c380000,0x000000077da80000)
  from space 13312K, 99% used [0x000000077da80000,0x000000077e77fba8,0x000000077e780000)
  to   space 16896K, 0% used [0x0000000782780000,0x0000000782780000,0x0000000783800000)
 ParOldGen       total 154112K, used 21658K [0x00000006c4a00000, 0x00000006ce080000, 0x000000076c380000)
  object space 154112K, 14% used [0x00000006c4a00000,0x00000006c5f26b30,0x00000006ce080000)
 Metaspace       used 55378K, capacity 58468K, committed 58664K, reserved 1099776K
  class space    used 7553K, capacity 8119K, committed 8240K, reserved 1048576K
}
Event: 105.143 GC heap before
{Heap before GC invocations=12 (full 2):
 PSYoungGen      total 299008K, used 54278K [0x000000076c380000, 0x0000000783800000, 0x00000007c0000000)
  eden space 285696K, 14% used [0x000000076c380000,0x000000076eb82038,0x000000077da80000)
  from space 13312K, 99% used [0x000000077da80000,0x000000077e77fba8,0x000000077e780000)
  to   space 16896K, 0% used [0x0000000782780000,0x0000000782780000,0x0000000783800000)
 ParOldGen       total 154112K, used 21658K [0x00000006c4a00000, 0x00000006ce080000, 0x000000076c380000)
  object space 154112K, 14% used [0x00000006c4a00000,0x00000006c5f26b30,0x00000006ce080000)
 Metaspace       used 55532K, capacity 58596K, committed 58920K, reserved 1099776K
  class space    used 7581K, capacity 8134K, committed 8240K, reserved 1048576K
Event: 105.149 GC heap after
Heap after GC invocations=12 (full 2):
 PSYoungGen      total 363520K, used 9768K [0x000000076c380000, 0x0000000783700000, 0x00000007c0000000)
  eden space 347648K, 0% used [0x000000076c380000,0x000000076c380000,0x0000000781700000)
  from space 15872K, 61% used [0x0000000782780000,0x000000078310a070,0x0000000783700000)
  to   space 16384K, 0% used [0x0000000781700000,0x0000000781700000,0x0000000782700000)
 ParOldGen       total 154112K, used 21666K [0x00000006c4a00000, 0x00000006ce080000, 0x000000076c380000)
  object space 154112K, 14% used [0x00000006c4a00000,0x00000006c5f28b30,0x00000006ce080000)
 Metaspace       used 55532K, capacity 58596K, committed 58920K, reserved 1099776K
  class space    used 7581K, capacity 8134K, committed 8240K, reserved 1048576K
}
Event: 105.149 GC heap before
{Heap before GC invocations=13 (full 3):
 PSYoungGen      total 363520K, used 9768K [0x000000076c380000, 0x0000000783700000, 0x00000007c0000000)
  eden space 347648K, 0% used [0x000000076c380000,0x000000076c380000,0x0000000781700000)
  from space 15872K, 61% used [0x0000000782780000,0x000000078310a070,0x0000000783700000)
  to   space 16384K, 0% used [0x0000000781700000,0x0000000781700000,0x0000000782700000)
 ParOldGen       total 154112K, used 21666K [0x00000006c4a00000, 0x00000006ce080000, 0x000000076c380000)
  object space 154112K, 14% used [0x00000006c4a00000,0x00000006c5f28b30,0x00000006ce080000)
 Metaspace       used 55532K, capacity 58596K, committed 58920K, reserved 1099776K
  class space    used 7581K, capacity 8134K, committed 8240K, reserved 1048576K
Event: 105.253 GC heap after
Heap after GC invocations=13 (full 3):
 PSYoungGen      total 363520K, used 0K [0x000000076c380000, 0x0000000783700000, 0x00000007c0000000)
  eden space 347648K, 0% used [0x000000076c380000,0x000000076c380000,0x0000000781700000)
  from space 15872K, 0% used [0x0000000782780000,0x0000000782780000,0x0000000783700000)
  to   space 16384K, 0% used [0x0000000781700000,0x0000000781700000,0x0000000782700000)
 ParOldGen       total 154112K, used 17992K [0x00000006c4a00000, 0x00000006ce080000, 0x000000076c380000)
  object space 154112K, 11% used [0x00000006c4a00000,0x00000006c5b922c0,0x00000006ce080000)
 Metaspace       used 55532K, capacity 58596K, committed 58920K, reserved 1099776K
  class space    used 7581K, capacity 8134K, committed 8240K, reserved 1048576K
}
Event: 206.138 GC heap before
{Heap before GC invocations=14 (full 3):
 PSYoungGen      total 363520K, used 228089K [0x000000076c380000, 0x0000000783700000, 0x00000007c0000000)
  eden space 347648K, 65% used [0x000000076c380000,0x000000077a23e510,0x0000000781700000)
  from space 15872K, 0% used [0x0000000782780000,0x0000000782780000,0x0000000783700000)
  to   space 16384K, 0% used [0x0000000781700000,0x0000000781700000,0x0000000782700000)
 ParOldGen       total 154112K, used 17992K [0x00000006c4a00000, 0x00000006ce080000, 0x000000076c380000)
  object space 154112K, 11% used [0x00000006c4a00000,0x00000006c5b922c0,0x00000006ce080000)
 Metaspace       used 56252K, capacity 59586K, committed 59816K, reserved 1101824K
  class space    used 7663K, capacity 8260K, committed 8368K, reserved 1048576K
Event: 206.142 GC heap after
Heap after GC invocations=14 (full 3):
 PSYoungGen      total 364032K, used 3871K [0x000000076c380000, 0x0000000783800000, 0x00000007c0000000)
  eden space 347648K, 0% used [0x000000076c380000,0x000000076c380000,0x0000000781700000)
  from space 16384K, 23% used [0x0000000781700000,0x0000000781ac7f38,0x0000000782700000)
  to   space 16896K, 0% used [0x0000000782780000,0x0000000782780000,0x0000000783800000)
 ParOldGen       total 154112K, used 18000K [0x00000006c4a00000, 0x00000006ce080000, 0x000000076c380000)
  object space 154112K, 11% used [0x00000006c4a00000,0x00000006c5b942c0,0x00000006ce080000)
 Metaspace       used 56252K, capacity 59586K, committed 59816K, reserved 1101824K
  class space    used 7663K, capacity 8260K, committed 8368K, reserved 1048576K
}
Event: 206.142 GC heap before
{Heap before GC invocations=15 (full 4):
 PSYoungGen      total 364032K, used 3871K [0x000000076c380000, 0x0000000783800000, 0x00000007c0000000)
  eden space 347648K, 0% used [0x000000076c380000,0x000000076c380000,0x0000000781700000)
  from space 16384K, 23% used [0x0000000781700000,0x0000000781ac7f38,0x0000000782700000)
  to   space 16896K, 0% used [0x0000000782780000,0x0000000782780000,0x0000000783800000)
 ParOldGen       total 154112K, used 18000K [0x00000006c4a00000, 0x00000006ce080000, 0x000000076c380000)
  object space 154112K, 11% used [0x00000006c4a00000,0x00000006c5b942c0,0x00000006ce080000)
 Metaspace       used 56252K, capacity 59586K, committed 59816K, reserved 1101824K
  class space    used 7663K, capacity 8260K, committed 8368K, reserved 1048576K
Event: 206.256 GC heap after
Heap after GC invocations=15 (full 4):
 PSYoungGen      total 364032K, used 0K [0x000000076c380000, 0x0000000783800000, 0x00000007c0000000)
  eden space 347648K, 0% used [0x000000076c380000,0x000000076c380000,0x0000000781700000)
  from space 16384K, 0% used [0x0000000781700000,0x0000000781700000,0x0000000782700000)
  to   space 16896K, 0% used [0x0000000782780000,0x0000000782780000,0x0000000783800000)
 ParOldGen       total 154112K, used 17894K [0x00000006c4a00000, 0x00000006ce080000, 0x000000076c380000)
  object space 154112K, 11% used [0x00000006c4a00000,0x00000006c5b79880,0x00000006ce080000)
 Metaspace       used 56252K, capacity 59586K, committed 59816K, reserved 1101824K
  class space    used 7663K, capacity 8260K, committed 8368K, reserved 1048576K
}

Deoptimization events (0 events):
No events

Classes redefined (4 events):
Event: 103.629 Thread 0x000000000228d800 redefined class name=br.com.estudo.projetoweb.resources.ClienteResource, count=1
Event: 205.121 Thread 0x000000000228d800 redefined class name=br.com.estudo.projetoweb.resources.CategoriaResource, count=1
Event: 205.137 Thread 0x000000000228d800 redefined class name=br.com.estudo.projetoweb.resources.CategoriaResource, count=1
Event: 503.928 Thread 0x000000000228d800 redefined class name=br.com.estudo.projetoweb.resources.ClienteResource, count=2

Internal exceptions (10 events):
Event: 207.032 Thread 0x00000000219c9800 Exception <a 'java/lang/ArrayIndexOutOfBoundsException'> (0x00000007787b9498) thrown at [C:\jenkins\workspace\zulu8-silver-build-win64\zulu-src\hotspot\src\share\vm\runtime\sharedRuntime.cpp, line 609]
Event: 207.033 Thread 0x00000000219c9800 Exception <a 'java/lang/ClassNotFoundException': java/lang/ObjectCustomizer> (0x00000007787c6c08) thrown at [C:\jenkins\workspace\zulu8-silver-build-win64\zulu-src\hotspot\src\share\vm\classfile\systemDictionary.cpp, line 215]
Event: 207.034 Thread 0x00000000219c9800 Exception <a 'java/lang/ClassNotFoundException': br/com/estudo/projetoweb/domain/PedidoCustomizer> (0x00000007787dedc0) thrown at [C:\jenkins\workspace\zulu8-silver-build-win64\zulu-src\hotspot\src\share\vm\classfile\systemDictionary.cpp, line 215]
Event: 207.034 Thread 0x00000000219c9800 Exception <a 'java/lang/ArrayIndexOutOfBoundsException'> (0x00000007787f9ae0) thrown at [C:\jenkins\workspace\zulu8-silver-build-win64\zulu-src\hotspot\src\share\vm\runtime\sharedRuntime.cpp, line 609]
Event: 263.929 Thread 0x0000000023891800 Exception <a 'java/lang/ArrayIndexOutOfBoundsException'> (0x00000007778d01f8) thrown at [C:\jenkins\workspace\zulu8-silver-build-win64\zulu-src\hotspot\src\share\vm\runtime\sharedRuntime.cpp, line 609]
Event: 263.929 Thread 0x0000000023891800 Exception <a 'java/lang/ArrayIndexOutOfBoundsException'> (0x00000007778da208) thrown at [C:\jenkins\workspace\zulu8-silver-build-win64\zulu-src\hotspot\src\share\vm\runtime\sharedRuntime.cpp, line 609]
Event: 263.930 Thread 0x0000000023891800 Exception <a 'java/lang/ArrayIndexOutOfBoundsException'> (0x00000007778ed0e8) thrown at [C:\jenkins\workspace\zulu8-silver-build-win64\zulu-src\hotspot\src\share\vm\runtime\sharedRuntime.cpp, line 609]
Event: 263.932 Thread 0x0000000023891800 Exception <a 'java/lang/ArrayIndexOutOfBoundsException'> (0x0000000777928fb0) thrown at [C:\jenkins\workspace\zulu8-silver-build-win64\zulu-src\hotspot\src\share\vm\runtime\sharedRuntime.cpp, line 609]
Event: 264.873 Thread 0x0000000023890000 Exception <a 'java/lang/ArrayIndexOutOfBoundsException'> (0x00000007779387e8) thrown at [C:\jenkins\workspace\zulu8-silver-build-win64\zulu-src\hotspot\src\share\vm\runtime\sharedRuntime.cpp, line 609]
Event: 264.874 Thread 0x0000000023890000 Exception <a 'java/lang/ArrayIndexOutOfBoundsException'> (0x000000077794a7d0) thrown at [C:\jenkins\workspace\zulu8-silver-build-win64\zulu-src\hotspot\src\share\vm\runtime\sharedRuntime.cpp, line 609]

Events (10 events):
Event: 264.878 Executing VM operation: RevokeBias
Event: 264.878 Executing VM operation: RevokeBias done
Event: 282.007 Thread 0x00000000219cd800 Thread exited: 0x00000000219cd800
Event: 297.007 Thread 0x000000002389a000 Thread exited: 0x000000002389a000
Event: 297.012 Thread 0x0000000023898000 Thread exited: 0x0000000023898000
Event: 324.904 loading class java/net/SocketTimeoutException
Event: 324.904 loading class java/io/InterruptedIOException
Event: 324.904 loading class java/io/InterruptedIOException done
Event: 324.904 loading class java/net/SocketTimeoutException done
Event: 503.902 Executing VM operation: RedefineClasses


Dynamic libraries:
0x00007ff742a40000 - 0x00007ff742a75000 	C:\Java - jdk\zulu8.46.0.19-ca-fx-jdk8.0.252-win_x64\bin\javaw.exe
0x00007ffe94fb0000 - 0x00007ffe95172000 	C:\Windows\SYSTEM32\ntdll.dll
0x00007ffe94ea0000 - 0x00007ffe94f4d000 	C:\Windows\system32\KERNEL32.DLL
0x00007ffe92490000 - 0x00007ffe9266d000 	C:\Windows\system32\KERNELBASE.dll
0x00007ffe940a0000 - 0x00007ffe94146000 	C:\Windows\system32\ADVAPI32.dll
0x00007ffe94ce0000 - 0x00007ffe94d7d000 	C:\Windows\system32\msvcrt.dll
0x00007ffe94c60000 - 0x00007ffe94cbb000 	C:\Windows\system32\sechost.dll
0x00007ffe944a0000 - 0x00007ffe945c6000 	C:\Windows\system32\RPCRT4.dll
0x00007ffe92680000 - 0x00007ffe927ce000 	C:\Windows\system32\USER32.dll
0x00007ffe94150000 - 0x00007ffe942d3000 	C:\Windows\system32\GDI32.dll
0x00007ffe855d0000 - 0x00007ffe85844000 	C:\Windows\WinSxS\amd64_microsoft.windows.common-controls_6595b64144ccf1df_6.0.10240.17184_none_f41d7a705752bce6\COMCTL32.dll
0x00007ffe94d80000 - 0x00007ffe94db6000 	C:\Windows\system32\IMM32.DLL
0x00007ffe94340000 - 0x00007ffe9449c000 	C:\Windows\system32\MSCTF.dll
0x00007ffe91820000 - 0x00007ffe9185d000 	C:\Windows\system32\SophosAV\SOPHOS~1.DLL
0x00007ffe92670000 - 0x00007ffe92678000 	C:\Windows\system32\PSAPI.DLL
0x0000000052ce0000 - 0x0000000052db2000 	C:\Java - jdk\zulu8.46.0.19-ca-fx-jdk8.0.252-win_x64\jre\bin\msvcr100.dll
0x0000000051e90000 - 0x000000005274c000 	C:\Java - jdk\zulu8.46.0.19-ca-fx-jdk8.0.252-win_x64\jre\bin\server\jvm.dll
0x00007ffe8fc40000 - 0x00007ffe8fc63000 	C:\Windows\SYSTEM32\WINMM.dll
0x00007ffe8e7d0000 - 0x00007ffe8e7da000 	C:\Windows\SYSTEM32\VERSION.dll
0x00007ffe850e0000 - 0x00007ffe850e9000 	C:\Windows\SYSTEM32\WSOCK32.dll
0x00007ffe94e30000 - 0x00007ffe94e99000 	C:\Windows\system32\WS2_32.dll
0x00007ffe93e50000 - 0x00007ffe93e58000 	C:\Windows\system32\NSI.dll
0x00007ffe8fa50000 - 0x00007ffe8fa7c000 	C:\Windows\SYSTEM32\WINMMBASE.dll
0x00007ffe91a70000 - 0x00007ffe91ab4000 	C:\Windows\system32\cfgmgr32.dll
0x00007ffe90310000 - 0x00007ffe90337000 	C:\Windows\SYSTEM32\DEVOBJ.dll
0x00007ffe7e450000 - 0x00007ffe7e45f000 	C:\Java - jdk\zulu8.46.0.19-ca-fx-jdk8.0.252-win_x64\jre\bin\verify.dll
0x00007ffe77190000 - 0x00007ffe771b9000 	C:\Java - jdk\zulu8.46.0.19-ca-fx-jdk8.0.252-win_x64\jre\bin\java.dll
0x00007ffe7c940000 - 0x00007ffe7c975000 	C:\Java - jdk\zulu8.46.0.19-ca-fx-jdk8.0.252-win_x64\jre\bin\jdwp.dll
0x00007ffe89b00000 - 0x00007ffe89b08000 	C:\Java - jdk\zulu8.46.0.19-ca-fx-jdk8.0.252-win_x64\jre\bin\npt.dll
0x00007ffe77160000 - 0x00007ffe77183000 	C:\Java - jdk\zulu8.46.0.19-ca-fx-jdk8.0.252-win_x64\jre\bin\instrument.dll
0x00007ffe71b50000 - 0x00007ffe71b66000 	C:\Java - jdk\zulu8.46.0.19-ca-fx-jdk8.0.252-win_x64\jre\bin\zip.dll
0x00007ffe927d0000 - 0x00007ffe93cf3000 	C:\Windows\system32\SHELL32.dll
0x00007ffe91d40000 - 0x00007ffe92369000 	C:\Windows\system32\windows.storage.dll
0x00007ffe945d0000 - 0x00007ffe9484c000 	C:\Windows\system32\combase.dll
0x00007ffe94dc0000 - 0x00007ffe94e11000 	C:\Windows\system32\shlwapi.dll
0x00007ffe91a40000 - 0x00007ffe91a4f000 	C:\Windows\system32\kernel.appcore.dll
0x00007ffe92370000 - 0x00007ffe92423000 	C:\Windows\system32\shcore.dll
0x00007ffe919d0000 - 0x00007ffe91a1a000 	C:\Windows\system32\powrprof.dll
0x00007ffe91a20000 - 0x00007ffe91a33000 	C:\Windows\system32\profapi.dll
0x00007ffe85440000 - 0x00007ffe85449000 	C:\Java - jdk\zulu8.46.0.19-ca-fx-jdk8.0.252-win_x64\jre\bin\dt_socket.dll
0x00007ffe86eb0000 - 0x00007ffe86ec5000 	C:\Windows\system32\napinsp.dll
0x00007ffe86ed0000 - 0x00007ffe86eea000 	C:\Windows\system32\pnrpnsp.dll
0x00007ffe8f940000 - 0x00007ffe8f958000 	C:\Windows\system32\NLAapi.dll
0x00007ffe91200000 - 0x00007ffe9125d000 	C:\Windows\System32\mswsock.dll
0x00007ffe90fe0000 - 0x00007ffe91088000 	C:\Windows\SYSTEM32\DNSAPI.dll
0x00007ffe870d0000 - 0x00007ffe870dd000 	C:\Windows\System32\winrnr.dll
0x00007ffe8f9e0000 - 0x00007ffe8fa48000 	C:\Windows\System32\fwpuclnt.dll
0x00007ffe91900000 - 0x00007ffe91928000 	C:\Windows\SYSTEM32\bcrypt.dll
0x00007ffe8c910000 - 0x00007ffe8c91a000 	C:\Windows\System32\rasadhlp.dll
0x00007ffe86230000 - 0x00007ffe8623d000 	C:\Java - jdk\zulu8.46.0.19-ca-fx-jdk8.0.252-win_x64\jre\bin\management.dll
0x00007ffe61670000 - 0x00007ffe6168a000 	C:\Java - jdk\zulu8.46.0.19-ca-fx-jdk8.0.252-win_x64\jre\bin\net.dll
0x00007ffe61500000 - 0x00007ffe61511000 	C:\Java - jdk\zulu8.46.0.19-ca-fx-jdk8.0.252-win_x64\jre\bin\nio.dll
0x00007ffe8f550000 - 0x00007ffe8f588000 	C:\Windows\SYSTEM32\IPHLPAPI.DLL
0x00007ffe8fcb0000 - 0x00007ffe8fcbb000 	C:\Windows\SYSTEM32\WINNSI.DLL
0x00007ffe91260000 - 0x00007ffe91277000 	C:\Windows\SYSTEM32\CRYPTSP.dll
0x00007ffe90eb0000 - 0x00007ffe90ee3000 	C:\Windows\system32\rsaenh.dll
0x00007ffe91090000 - 0x00007ffe910af000 	C:\Windows\SYSTEM32\USERENV.dll
0x00007ffe917b0000 - 0x00007ffe9181b000 	C:\Windows\system32\bcryptprimitives.dll
0x00007ffe913b0000 - 0x00007ffe913bb000 	C:\Windows\SYSTEM32\CRYPTBASE.dll
0x00007ffe8e8e0000 - 0x00007ffe8e8f6000 	C:\Windows\SYSTEM32\dhcpcsvc6.DLL
0x00007ffe8e8c0000 - 0x00007ffe8e8da000 	C:\Windows\SYSTEM32\dhcpcsvc.DLL
0x00007ffe866b0000 - 0x00007ffe8683a000 	C:\Windows\SYSTEM32\dbghelp.dll

VM Arguments:
jvm_args: -agentlib:jdwp=transport=dt_socket,suspend=y,address=localhost:59402 -Dcom.sun.management.jmxremote -Dcom.sun.management.jmxremote.port=59401 -Dcom.sun.management.jmxremote.authenticate=false -Dcom.sun.management.jmxremote.ssl=false -Djava.rmi.server.hostname=localhost -Dspring.jmx.enabled=true -Dspring.application.admin.enabled=true -Xverify:none -XX:TieredStopAtLevel=1 -Dspring.boot.project.name=projeto-web -javaagent:C:\Users\vinicius.cruz\Downloads\spring-tool-suite-4-4.5.0.RELEASE-e4.14.0-win32.win32.x86_64.self-extracting\contents\sts-4.5.0.RELEASE\configuration\org.eclipse.osgi\1093\0\.cp\lib\javaagent-shaded.jar -Dfile.encoding=UTF-8 
java_command: br.com.estudo.projetoweb.ProjetoWebApplication --spring.output.ansi.enabled=always
java_class_path (initial): C:\Users\vinicius.cruz\Desktop\Udemy\Curso Spring\Projeto-Spring-boot-com-hibernate\target\classes;C:\Users\vinicius.cruz\.m2\repository\org\springframework\boot\spring-boot-starter-web\2.2.7.RELEASE\spring-boot-starter-web-2.2.7.RELEASE.jar;C:\Users\vinicius.cruz\.m2\repository\org\springframework\boot\spring-boot-starter\2.2.7.RELEASE\spring-boot-starter-2.2.7.RELEASE.jar;C:\Users\vinicius.cruz\.m2\repository\org\springframework\boot\spring-boot-starter-logging\2.2.7.RELEASE\spring-boot-starter-logging-2.2.7.RELEASE.jar;C:\Users\vinicius.cruz\.m2\repository\ch\qos\logback\logback-classic\1.2.3\logback-classic-1.2.3.jar;C:\Users\vinicius.cruz\.m2\repository\ch\qos\logback\logback-core\1.2.3\logback-core-1.2.3.jar;C:\Users\vinicius.cruz\.m2\repository\org\apache\logging\log4j\log4j-to-slf4j\2.12.1\log4j-to-slf4j-2.12.1.jar;C:\Users\vinicius.cruz\.m2\repository\org\apache\logging\log4j\log4j-api\2.12.1\log4j-api-2.12.1.jar;C:\Users\vinicius.cruz\.m2\repository\org\slf4j\jul-to-slf4j\1.7.30\jul-to-slf4j-1.7.30.jar;C:\Users\vinicius.cruz\.m2\repository\jakarta\annotation\jakarta.annotation-api\1.3.5\jakarta.annotation-api-1.3.5.jar;C:\Users\vinicius.cruz\.m2\repository\org\yaml\snakeyaml\1.25\snakeyaml-1.25.jar;C:\Users\vinicius.cruz\.m2\repository\org\springframework\boot\spring-boot-starter-json\2.2.7.RELEASE\spring-boot-starter-json-2.2.7.RELEASE.jar;C:\Users\vinicius.cruz\.m2\repository\com\fasterxml\jackson\core\jackson-databind\2.10.4\jackson-databind-2.10.4.jar;C:\Users\vinicius.cruz\.m2\repository\com\fasterxml\jackson\core\jackson-annotations\2.10.4\jackson-annotations-2.10.4.jar;C:\Users\vinicius.cruz\.m2\repository\com\fasterxml\jackson\core\jackson-core\2.10.4\jackson-core-2.10.4.jar;C:\Users\vinicius.cruz\.m2\repository\com\fasterxml\jackson\datatype\jackson-datatype-jdk8\2.10.4\jackson-datatype-jdk8-2.10.4.jar;C:\Users\vinicius.cruz\.m2\repository\com\fasterxml\jackson\datatype\jackson-datatype-jsr310\2.10.4\jackson-datatype-j
Launcher Type: SUN_STANDARD

Environment Variables:
JAVA_HOME=C:\Java - jdk\zulu8.46.0.19-ca-fx-jdk8.0.252-win_x64
CLASSPATH=%JDK8%\lib;%JDK8%\lib\tools.jar;%JDK8%\lib\dt.jar;
PATH=C:\Java - jdk\zulu8.46.0.19-ca-fx-jdk8.0.252-win_x64\jre\bin;C:/Java - jdk/zulu8.46.0.19-ca-fx-jdk8.0.252-win_x64/bin/../jre/bin/server;C:/Java - jdk/zulu8.46.0.19-ca-fx-jdk8.0.252-win_x64/bin/../jre/bin;C:/Java - jdk/zulu8.46.0.19-ca-fx-jdk8.0.252-win_x64/bin/../jre/lib/amd64;%JDK8%\bin;C:\Python38\Scripts\;C:\Python38\;C:\Program Files (x86)\Common Files\Oracle\Java\javapath;C:\Windows\system32;C:\Windows;C:\Windows\System32\Wbem;C:\Windows\System32\WindowsPowerShell\v1.0\;C:\Program Files\Git\cmd;C:\vini\nvm;C:\Program Files\nodejs;C:\ProgramData\chocolatey\bin;C:\Program Files\TortoiseSVN\bin;%RANDOOP_JAR%;C:\Python38\Scripts\;C:\Python38\;C:\Program Files (x86)\Common Files\Oracle\Java\javapath;C:\Windows\system32;C:\Windows;C:\Windows\System32\Wbem;C:\Windows\System32\WindowsPowerShell\v1.0\;C:\Program Files\Git\cmd;C:\vini\nvm;C:\Program Files\nodejs;C:\ProgramData\chocolatey\bin;C:\Users\vinicius.cruz\AppData\Local\Programs\Microsoft VS Code\bin;C:\vini\nvm;C:\Program Files\nodejs;C:\Users\vinicius.cruz\AppData\Local\GitHubDesktop\bin;C:\Program Files\MongoDB\Server\3.6\bin;\bin;\bin;C:\Program Files (x86)\Inno Setup 6;C:\Program Files\TortoiseSVN\bin;C:\apache-maven-3.6.3\bin;C:\vini\nvm\bin;C:\Java - jdk\zulu8.46.0.19-ca-fx-jdk8.0.252-win_x64\bin;C:\Program Files\PostgreSQL\9.6\bin;;C:\Users\vinicius.cruz\Downloads\spring-tool-suite-4-4.5.0.RELEASE-e4.14.0-win32.win32.x86_64.self-extracting\contents\sts-4.5.0.RELEASE;
USERNAME=vinicius.cruz
OS=Windows_NT
PROCESSOR_IDENTIFIER=Intel64 Family 6 Model 158 Stepping 9, GenuineIntel



---------------  S Y S T E M  ---------------

OS: Windows 10.0 , 64 bit Build 10240 (10.0.10240.17113)

CPU:total 8 (initial active 8) (4 cores per cpu, 2 threads per core) family 6 model 158 stepping 9, cmov, cx8, fxsr, mmx, sse, sse2, sse3, ssse3, sse4.1, sse4.2, popcnt, avx, avx2, aes, clmul, erms, rtm, 3dnowpref, lzcnt, ht, tsc, tscinvbit, bmi1, bmi2, adx

Memory: 4k page, physical 16470028k(8279596k free), swap 18960396k(9071832k free)

vm_info: OpenJDK 64-Bit Server VM (25.252-b14) for windows-amd64 JRE (Zulu 8.46.0.19-CA-win64) (1.8.0_252-b14), built on Apr  4 2020 01:25:30 by "tester" with MS VC++ 10.0 (VS2010)

time: Wed Aug 19 23:17:17 2020
timezone: Hora oficial do Brasil
elapsed time: 503 seconds (0d 0h 8m 23s)

